app/build/intermediates/manifest_merge_blame_file/debug/manifest-merger-blame-debug-report.txt
1<?xml version="1.0" encoding="utf-8"?>
2<manifest xmlns:android="http://schemas.android.com/apk/res/android"
3    package="com.wizy.wallpaper"
4    android:versionCode="1"
5    android:versionName="1.0" >
6
7    <uses-sdk
8        android:minSdkVersion="16"
8-->src\main\AndroidManifest.xml
9        android:targetSdkVersion="28" />
9-->src\main\AndroidManifest.xml
10
11    <uses-permission android:name="android.permission.INTERNET" />
11-->src\main\AndroidManifest.xml:6:5-67
11-->src\main\AndroidManifest.xml:6:22-64
12    <uses-permission android:name="android.permission.SET_WALLPAPER" />
12-->src\main\AndroidManifest.xml:7:5-72
12-->src\main\AndroidManifest.xml:7:22-69
13    <uses-permission android:name="android.permission.WRITE_EXTERNAL_STORAGE" />
13-->src\main\AndroidManifest.xml:8:5-81
13-->src\main\AndroidManifest.xml:8:22-78
14    <uses-permission android:name="android.permission.ACCESS_NETWORK_STATE" />
14-->src\main\AndroidManifest.xml:9:5-79
14-->src\main\AndroidManifest.xml:9:22-76
15    <uses-permission android:name="android.permission.READ_EXTERNAL_STORAGE" />
15-->[jameson.io.library:library:0.0.1] AndroidManifest.xml:12:5-80
15-->[jameson.io.library:library:0.0.1] AndroidManifest.xml:12:22-77
16    <uses-permission android:name="android.permission.WAKE_LOCK" />
16-->[com.google.android.gms:play-services-measurement-sdk-api:16.3.0] AndroidManifest.xml:25:5-68
16-->[com.google.android.gms:play-services-measurement-sdk-api:16.3.0] AndroidManifest.xml:25:22-65
17
18    <application
18-->src\main\AndroidManifest.xml:11:5-44:19
19        android:allowBackup="true"
19-->src\main\AndroidManifest.xml:12:9-35
20        android:appComponentFactory="android.support.v4.app.CoreComponentFactory"
20-->[com.android.support:support-compat:28.0.0] AndroidManifest.xml:22:18-91
21        android:debuggable="true"
22        android:fullBackupContent="@xml/backup_descriptor"
22-->src\main\AndroidManifest.xml:13:9-59
23        android:icon="@drawable/logo"
23-->src\main\AndroidManifest.xml:14:9-38
24        android:label="@string/app_name"
24-->src\main\AndroidManifest.xml:15:9-41
25        android:roundIcon="@drawable/logo"
25-->src\main\AndroidManifest.xml:16:9-43
26        android:supportsRtl="true"
26-->src\main\AndroidManifest.xml:17:9-35
27        android:testOnly="true"
28        android:theme="@style/AppTheme" >
28-->src\main\AndroidManifest.xml:18:9-40
29        <activity
29-->src\main\AndroidManifest.xml:20:9-24:63
30            android:name="com.wizy.wallpaper.FullscreenActivity"
30-->src\main\AndroidManifest.xml:21:13-47
31            android:configChanges="orientation|keyboardHidden|screenSize"
31-->src\main\AndroidManifest.xml:22:13-74
32            android:label="@string/title_activity_fullscreen"
32-->src\main\AndroidManifest.xml:23:13-62
33            android:theme="@style/FullscreenTheme" />
33-->src\main\AndroidManifest.xml:24:13-51
34        <activity android:name="com.wizy.wallpaper.Search" />
34-->src\main\AndroidManifest.xml:25:9-44
34-->src\main\AndroidManifest.xml:25:19-41
35        <activity android:name="com.wizy.wallpaper.MainActivity" >
35-->src\main\AndroidManifest.xml:26:9-32:20
35-->src\main\AndroidManifest.xml:26:19-47
36            <intent-filter>
36-->src\main\AndroidManifest.xml:27:13-31:29
37                <action android:name="android.intent.action.MAIN" />
37-->src\main\AndroidManifest.xml:28:17-69
37-->src\main\AndroidManifest.xml:28:25-66
38
39                <category android:name="android.intent.category.LAUNCHER" />
39-->src\main\AndroidManifest.xml:30:17-77
39-->src\main\AndroidManifest.xml:30:27-74
40            </intent-filter>
41        </activity>
42        <activity android:name="com.wizy.wallpaper.Favorites" >
42-->src\main\AndroidManifest.xml:33:9-40:20
42-->src\main\AndroidManifest.xml:33:19-44
43            <intent-filter>
43-->src\main\AndroidManifest.xml:34:13-39:29
44                <action android:name="com.wizy.wallpaper.Favorites" />
44-->src\main\AndroidManifest.xml:35:17-71
44-->src\main\AndroidManifest.xml:35:25-68
45
46                <category android:name="android.intent.category.DEFAULT" />
46-->src\main\AndroidManifest.xml:37:17-76
46-->src\main\AndroidManifest.xml:37:27-73
47                <category android:name="android.intent.category.BROWSABLE" />
47-->src\main\AndroidManifest.xml:38:17-78
47-->src\main\AndroidManifest.xml:38:27-75
48            </intent-filter>
49        </activity> <!-- Sample AdMob App ID: ca-app-pub-3940256099942544~3347511713 -->
50        <meta-data
50-->src\main\AndroidManifest.xml:41:9-43:80
51            android:name="com.google.android.gms.ads.APPLICATION_ID"
51-->src\main\AndroidManifest.xml:42:13-69
52            android:value="ca-app-pub-2315015693339914~9402497869" />
52-->src\main\AndroidManifest.xml:43:13-67
53
54        <activity
54-->[com.google.android.gms:play-services-base:16.1.0] AndroidManifest.xml:23:9-26:75
55            android:name="com.google.android.gms.common.api.GoogleApiActivity"
55-->[com.google.android.gms:play-services-base:16.1.0] AndroidManifest.xml:24:13-79
56            android:exported="false"
56-->[com.google.android.gms:play-services-base:16.1.0] AndroidManifest.xml:25:13-37
57            android:theme="@android:style/Theme.Translucent.NoTitleBar" /> <!-- Include the AdActivity and InAppPurchaseActivity configChanges and themes. -->
57-->[com.google.android.gms:play-services-base:16.1.0] AndroidManifest.xml:26:13-72
58        <activity
58-->[com.google.android.gms:play-services-ads-lite:17.1.3] AndroidManifest.xml:29:9-33:64
59            android:name="com.google.android.gms.ads.AdActivity"
59-->[com.google.android.gms:play-services-ads-lite:17.1.3] AndroidManifest.xml:30:13-65
60            android:configChanges="keyboard|keyboardHidden|orientation|screenLayout|uiMode|screenSize|smallestScreenSize"
60-->[com.google.android.gms:play-services-ads-lite:17.1.3] AndroidManifest.xml:31:13-122
61            android:exported="false"
61-->[com.google.android.gms:play-services-ads-lite:17.1.3] AndroidManifest.xml:32:13-37
62            android:theme="@android:style/Theme.Translucent" />
62-->[com.google.android.gms:play-services-ads-lite:17.1.3] AndroidManifest.xml:33:13-61
63
64        <provider
64-->[com.google.android.gms:play-services-ads-lite:17.1.3] AndroidManifest.xml:35:9-39:39
65            android:name="com.google.android.gms.ads.MobileAdsInitProvider"
65-->[com.google.android.gms:play-services-ads-lite:17.1.3] AndroidManifest.xml:36:13-76
66            android:authorities="com.wizy.wallpaper.mobileadsinitprovider"
66-->[com.google.android.gms:play-services-ads-lite:17.1.3] AndroidManifest.xml:37:13-73
67            android:exported="false"
67-->[com.google.android.gms:play-services-ads-lite:17.1.3] AndroidManifest.xml:38:13-37
68            android:initOrder="100" />
68-->[com.google.android.gms:play-services-ads-lite:17.1.3] AndroidManifest.xml:39:13-36
69
70        <meta-data
70-->[com.google.android.gms:play-services-basement:16.2.0] AndroidManifest.xml:23:9-25:69
71            android:name="com.google.android.gms.version"
71-->[com.google.android.gms:play-services-basement:16.2.0] AndroidManifest.xml:24:13-58
72            android:value="@integer/google_play_services_version" />
72-->[com.google.android.gms:play-services-basement:16.2.0] AndroidManifest.xml:25:13-66
73        <meta-data
73-->[com.android.support:customtabs:26.1.0] AndroidManifest.xml:23:9-25:38
74            android:name="android.support.VERSION"
74-->[com.android.support:customtabs:26.1.0] AndroidManifest.xml:24:13-51
75            android:value="26.1.0" />
75-->[com.android.support:customtabs:26.1.0] AndroidManifest.xml:25:13-35
76    </application>
77
78</manifest>